<?xml version="1.0" encoding="UTF-8"?>
<!-- Generated by org.testng.reporters.JUnitReportReporter -->
<testsuite skipped="0" hostname="mkhan-ultra" name="com.jass.catalognew.TestNGassignment" tests="2" failures="0" timestamp="13 Aug 2019 17:45:28 GMT" time="6.304" errors="0">
  <testcase name="NewProdAug" time="0.096" classname="com.jass.catalognew.TestNGassignment"/>
  <testcase name="privacy" time="6.208" classname="com.jass.catalognew.TestNGassignment"/>
</testsuite> <!-- com.jass.catalognew.TestNGassignment -->
